app/build/outputs/logs/manifest-merger-debug-report.txt
-- Merging decision tree log ---
manifest
ADDED from src\main\AndroidManifest.xml:2:1-15:12
	package
		ADDED from src\main\AndroidManifest.xml:2:70-102
		INJECTED from src\main\AndroidManifest.xml
		INJECTED from src\main\AndroidManifest.xml
	android:versionName
		ADDED from src\main\AndroidManifest.xml:2:127-152
		INJECTED from src\main\AndroidManifest.xml
		INJECTED from src\main\AndroidManifest.xml
	android:versionCode
		ADDED from src\main\AndroidManifest.xml:2:103-126
		INJECTED from src\main\AndroidManifest.xml
		INJECTED from src\main\AndroidManifest.xml
	xmlns:android
		ADDED from src\main\AndroidManifest.xml:2:11-69
uses-sdk
ADDED from src\main\AndroidManifest.xml:3:3-72
	android:targetSdkVersion
		ADDED from src\main\AndroidManifest.xml:3:40-69
		INJECTED from src\main\AndroidManifest.xml
		INJECTED from src\main\AndroidManifest.xml
	android:minSdkVersion
		ADDED from src\main\AndroidManifest.xml:3:13-39
		INJECTED from src\main\AndroidManifest.xml
		INJECTED from src\main\AndroidManifest.xml
uses-permission#android.permission.WRITE_EXTERNAL_STORAGE
ADDED from src\main\AndroidManifest.xml:4:3-79
	android:name
		ADDED from src\main\AndroidManifest.xml:4:20-76
uses-permission#android.permission.INTERNET
ADDED from src\main\AndroidManifest.xml:5:3-65
	android:name
		ADDED from src\main\AndroidManifest.xml:5:20-62
application
ADDED from src\main\AndroidManifest.xml:6:3-14:19
	android:label
		ADDED from src\main\AndroidManifest.xml:6:80-112
	android:debuggable
		ADDED from src\main\AndroidManifest.xml:6:145-170
	android:allowBackup
		ADDED from src\main\AndroidManifest.xml:6:16-42
	android:icon
		ADDED from src\main\AndroidManifest.xml:6:43-79
	android:theme
		ADDED from src\main\AndroidManifest.xml:6:113-144
activity#com.gospell.drm.drmman.MainActivity
ADDED from src\main\AndroidManifest.xml:7:5-12:16
	android:label
		ADDED from src\main\AndroidManifest.xml:7:66-98
	android:name
		ADDED from src\main\AndroidManifest.xml:7:15-65
intent-filter#android.intent.action.MAIN+android.intent.category.LAUNCHER
ADDED from src\main\AndroidManifest.xml:8:7-11:23
action#android.intent.action.MAIN
ADDED from src\main\AndroidManifest.xml:9:9-61
	android:name
		ADDED from src\main\AndroidManifest.xml:9:17-58
category#android.intent.category.LAUNCHER
ADDED from src\main\AndroidManifest.xml:10:9-69
	android:name
		ADDED from src\main\AndroidManifest.xml:10:19-66
activity#com.gospell.drm.drmman.ContentDetail
ADDED from src\main\AndroidManifest.xml:13:5-101
	android:label
		ADDED from src\main\AndroidManifest.xml:13:67-99
	android:name
		ADDED from src\main\AndroidManifest.xml:13:15-66